[0.016s] Invoking command in '/home/ahmet/ros2_ws/build/articubot_one': CMAKE_PREFIX_PATH=${CMAKE_PREFIX_PATH}:/opt/ros/humble /usr/bin/cmake --build /home/ahmet/ros2_ws/build/articubot_one -- -j12 -l12
[0.090s] Built target ament_cmake_python_copy_articubot_one
[0.391s] running egg_info
[0.392s] writing articubot_one.egg-info/PKG-INFO
[0.393s] writing dependency_links to articubot_one.egg-info/dependency_links.txt
[0.393s] writing top-level names to articubot_one.egg-info/top_level.txt
[0.395s] reading manifest file 'articubot_one.egg-info/SOURCES.txt'
[0.396s] writing manifest file 'articubot_one.egg-info/SOURCES.txt'
[0.431s] Built target ament_cmake_python_build_articubot_one_egg
[0.448s] Invoked command in '/home/ahmet/ros2_ws/build/articubot_one' returned '0': CMAKE_PREFIX_PATH=${CMAKE_PREFIX_PATH}:/opt/ros/humble /usr/bin/cmake --build /home/ahmet/ros2_ws/build/articubot_one -- -j12 -l12
[0.465s] Invoking command in '/home/ahmet/ros2_ws/build/articubot_one': CMAKE_PREFIX_PATH=${CMAKE_PREFIX_PATH}:/opt/ros/humble /usr/bin/cmake --install /home/ahmet/ros2_ws/build/articubot_one
[0.473s] -- Install configuration: ""
[0.473s] -- Up-to-date: /home/ahmet/ros2_ws/install/articubot_one/share/articubot_one/config
[0.474s] -- Up-to-date: /home/ahmet/ros2_ws/install/articubot_one/share/articubot_one/config/drive_bot.rviz
[0.474s] -- Up-to-date: /home/ahmet/ros2_ws/install/articubot_one/share/articubot_one/config/empty.yaml
[0.474s] -- Up-to-date: /home/ahmet/ros2_ws/install/articubot_one/share/articubot_one/config/twist_mux.yaml
[0.474s] -- Up-to-date: /home/ahmet/ros2_ws/install/articubot_one/share/articubot_one/config/gaz_ros2_ctl_use_sim.yaml
[0.475s] -- Up-to-date: /home/ahmet/ros2_ws/install/articubot_one/share/articubot_one/config/gazebo_params.yaml
[0.475s] -- Up-to-date: /home/ahmet/ros2_ws/install/articubot_one/share/articubot_one/config/joystick.yaml
[0.475s] -- Up-to-date: /home/ahmet/ros2_ws/install/articubot_one/share/articubot_one/config/ball_tracker_params_robot.yaml
[0.475s] -- Up-to-date: /home/ahmet/ros2_ws/install/articubot_one/share/articubot_one/config/view_bot.rviz
[0.475s] -- Up-to-date: /home/ahmet/ros2_ws/install/articubot_one/share/articubot_one/config/nav2_params.yaml
[0.476s] -- Up-to-date: /home/ahmet/ros2_ws/install/articubot_one/share/articubot_one/config/map.rviz
[0.476s] -- Up-to-date: /home/ahmet/ros2_ws/install/articubot_one/share/articubot_one/config/ball_tracker_params_sim.yaml
[0.476s] -- Up-to-date: /home/ahmet/ros2_ws/install/articubot_one/share/articubot_one/config/main.rviz
[0.476s] -- Up-to-date: /home/ahmet/ros2_ws/install/articubot_one/share/articubot_one/config/mapper_params_online_async.yaml
[0.476s] -- Up-to-date: /home/ahmet/ros2_ws/install/articubot_one/share/articubot_one/config/my_controllers.yaml
[0.476s] -- Up-to-date: /home/ahmet/ros2_ws/install/articubot_one/share/articubot_one/description
[0.477s] -- Up-to-date: /home/ahmet/ros2_ws/install/articubot_one/share/articubot_one/description/depth_camera.xacro
[0.477s] -- Up-to-date: /home/ahmet/ros2_ws/install/articubot_one/share/articubot_one/description/robot.urdf.xacro
[0.477s] -- Up-to-date: /home/ahmet/ros2_ws/install/articubot_one/share/articubot_one/description/gazebo_control.xacro
[0.477s] -- Up-to-date: /home/ahmet/ros2_ws/install/articubot_one/share/articubot_one/description/gazebo.xacro
[0.477s] -- Up-to-date: /home/ahmet/ros2_ws/install/articubot_one/share/articubot_one/description/lidar.xacro
[0.478s] -- Up-to-date: /home/ahmet/ros2_ws/install/articubot_one/share/articubot_one/description/face.xacro
[0.478s] -- Up-to-date: /home/ahmet/ros2_ws/install/articubot_one/share/articubot_one/description/camera.xacro
[0.478s] -- Up-to-date: /home/ahmet/ros2_ws/install/articubot_one/share/articubot_one/description/inertial_macros.xacro
[0.478s] -- Up-to-date: /home/ahmet/ros2_ws/install/articubot_one/share/articubot_one/description/robot_core.xacro
[0.478s] -- Up-to-date: /home/ahmet/ros2_ws/install/articubot_one/share/articubot_one/description/ros2_control.xacro
[0.479s] -- Up-to-date: /home/ahmet/ros2_ws/install/articubot_one/share/articubot_one/launch
[0.479s] -- Installing: /home/ahmet/ros2_ws/install/articubot_one/share/articubot_one/launch/fire_sim.launch.py
[0.479s] -- Up-to-date: /home/ahmet/ros2_ws/install/articubot_one/share/articubot_one/launch/navigation_launch.py
[0.479s] -- Up-to-date: /home/ahmet/ros2_ws/install/articubot_one/share/articubot_one/launch/joystick.launch.py
[0.480s] -- Up-to-date: /home/ahmet/ros2_ws/install/articubot_one/share/articubot_one/launch/online_async_launch.py
[0.480s] -- Up-to-date: /home/ahmet/ros2_ws/install/articubot_one/share/articubot_one/launch/camera.launch.py
[0.480s] -- Up-to-date: /home/ahmet/ros2_ws/install/articubot_one/share/articubot_one/launch/ball_tracker.launch.py
[0.481s] -- Up-to-date: /home/ahmet/ros2_ws/install/articubot_one/share/articubot_one/launch/rplidar.launch.py
[0.481s] -- Up-to-date: /home/ahmet/ros2_ws/install/articubot_one/share/articubot_one/launch/fire_tracking.launch.py
[0.481s] -- Up-to-date: /home/ahmet/ros2_ws/install/articubot_one/share/articubot_one/launch/launch_sim.launch.py
[0.481s] -- Up-to-date: /home/ahmet/ros2_ws/install/articubot_one/share/articubot_one/launch/localization_launch.py
[0.482s] -- Up-to-date: /home/ahmet/ros2_ws/install/articubot_one/share/articubot_one/launch/launch_robot.launch.py
[0.482s] -- Up-to-date: /home/ahmet/ros2_ws/install/articubot_one/share/articubot_one/launch/rsp.launch.py
[0.482s] -- Up-to-date: /home/ahmet/ros2_ws/install/articubot_one/share/articubot_one/worlds
[0.482s] -- Up-to-date: /home/ahmet/ros2_ws/install/articubot_one/share/articubot_one/worlds/fire_world.sdf
[0.482s] -- Up-to-date: /home/ahmet/ros2_ws/install/articubot_one/share/articubot_one/worlds/empty.world
[0.482s] -- Up-to-date: /home/ahmet/ros2_ws/install/articubot_one/share/articubot_one/worlds/obstacles.world
[0.483s] -- Installing: /home/ahmet/ros2_ws/install/articubot_one/lib/articubot_one/detect_fire.py
[0.483s] -- Installing: /home/ahmet/ros2_ws/install/articubot_one/lib/articubot_one/follow_fire.py
[0.483s] -- Up-to-date: /home/ahmet/ros2_ws/install/articubot_one/share/articubot_one/environment/pythonpath.sh
[0.483s] -- Up-to-date: /home/ahmet/ros2_ws/install/articubot_one/share/articubot_one/environment/pythonpath.dsv
[0.483s] -- Up-to-date: /home/ahmet/ros2_ws/install/articubot_one/local/lib/python3.10/dist-packages/articubot_one-0.0.0-py3.10.egg-info
[0.484s] -- Installing: /home/ahmet/ros2_ws/install/articubot_one/local/lib/python3.10/dist-packages/articubot_one-0.0.0-py3.10.egg-info/dependency_links.txt
[0.484s] -- Installing: /home/ahmet/ros2_ws/install/articubot_one/local/lib/python3.10/dist-packages/articubot_one-0.0.0-py3.10.egg-info/PKG-INFO
[0.484s] -- Installing: /home/ahmet/ros2_ws/install/articubot_one/local/lib/python3.10/dist-packages/articubot_one-0.0.0-py3.10.egg-info/top_level.txt
[0.484s] -- Installing: /home/ahmet/ros2_ws/install/articubot_one/local/lib/python3.10/dist-packages/articubot_one-0.0.0-py3.10.egg-info/SOURCES.txt
[0.484s] -- Up-to-date: /home/ahmet/ros2_ws/install/articubot_one/local/lib/python3.10/dist-packages/articubot_one
[0.484s] -- Up-to-date: /home/ahmet/ros2_ws/install/articubot_one/local/lib/python3.10/dist-packages/articubot_one/__init__.py
[0.537s] Listing '/home/ahmet/ros2_ws/install/articubot_one/local/lib/python3.10/dist-packages/articubot_one'...
[0.542s] -- Up-to-date: /home/ahmet/ros2_ws/install/articubot_one/share/ament_index/resource_index/package_run_dependencies/articubot_one
[0.542s] -- Up-to-date: /home/ahmet/ros2_ws/install/articubot_one/share/ament_index/resource_index/parent_prefix_path/articubot_one
[0.542s] -- Up-to-date: /home/ahmet/ros2_ws/install/articubot_one/share/articubot_one/environment/ament_prefix_path.sh
[0.542s] -- Up-to-date: /home/ahmet/ros2_ws/install/articubot_one/share/articubot_one/environment/ament_prefix_path.dsv
[0.543s] -- Up-to-date: /home/ahmet/ros2_ws/install/articubot_one/share/articubot_one/environment/path.sh
[0.543s] -- Up-to-date: /home/ahmet/ros2_ws/install/articubot_one/share/articubot_one/environment/path.dsv
[0.543s] -- Up-to-date: /home/ahmet/ros2_ws/install/articubot_one/share/articubot_one/local_setup.bash
[0.543s] -- Up-to-date: /home/ahmet/ros2_ws/install/articubot_one/share/articubot_one/local_setup.sh
[0.543s] -- Up-to-date: /home/ahmet/ros2_ws/install/articubot_one/share/articubot_one/local_setup.zsh
[0.543s] -- Up-to-date: /home/ahmet/ros2_ws/install/articubot_one/share/articubot_one/local_setup.dsv
[0.544s] -- Installing: /home/ahmet/ros2_ws/install/articubot_one/share/articubot_one/package.dsv
[0.544s] -- Up-to-date: /home/ahmet/ros2_ws/install/articubot_one/share/ament_index/resource_index/packages/articubot_one
[0.545s] -- Up-to-date: /home/ahmet/ros2_ws/install/articubot_one/share/articubot_one/cmake/articubot_oneConfig.cmake
[0.546s] -- Up-to-date: /home/ahmet/ros2_ws/install/articubot_one/share/articubot_one/cmake/articubot_oneConfig-version.cmake
[0.546s] -- Up-to-date: /home/ahmet/ros2_ws/install/articubot_one/share/articubot_one/package.xml
[0.547s] Invoked command in '/home/ahmet/ros2_ws/build/articubot_one' returned '0': CMAKE_PREFIX_PATH=${CMAKE_PREFIX_PATH}:/opt/ros/humble /usr/bin/cmake --install /home/ahmet/ros2_ws/build/articubot_one
