-- The C compiler identification is GNU 11.4.0
-- The CXX compiler identification is GNU 11.4.0
-- Detecting C compiler ABI info
-- Detecting C compiler ABI info - done
-- Check for working C compiler: /usr/bin/cc - skipped
-- Detecting C compile features
-- Detecting C compile features - done
-- Detecting CXX compiler ABI info
-- Detecting CXX compiler ABI info - done
-- Check for working CXX compiler: /usr/bin/c++ - skipped
-- Detecting CXX compile features
-- Detecting CXX compile features - done
-- Found ament_cmake: 1.3.11 (/opt/ros/humble/share/ament_cmake/cmake)
-- Found Python3: /usr/bin/python3 (found version "3.10.12") found components: Interpreter 
-- Found rclpy: 3.3.16 (/opt/ros/humble/share/rclpy/cmake)
-- Found ament_lint_auto: 0.12.12 (/opt/ros/humble/share/ament_lint_auto/cmake)
-- Added test 'copyright' to check source files copyright and LICENSE
-- Added test 'flake8' to check Python code syntax and style conventions
-- Added test 'lint_cmake' to check CMake code style
-- Added test 'pep257' to check Python code against some of the docstring style conventions in PEP 257
-- Added test 'xmllint' to check XML markup files
-- Configuring done
-- Generating done
-- Build files have been written to: /home/ahmet/ros2_ws/build/articubot_one
Built target ament_cmake_python_copy_articubot_one
running egg_info
creating articubot_one.egg-info
writing articubot_one.egg-info/PKG-INFO
writing dependency_links to articubot_one.egg-info/dependency_links.txt
writing top-level names to articubot_one.egg-info/top_level.txt
writing manifest file 'articubot_one.egg-info/SOURCES.txt'
reading manifest file 'articubot_one.egg-info/SOURCES.txt'
writing manifest file 'articubot_one.egg-info/SOURCES.txt'
Built target ament_cmake_python_build_articubot_one_egg
-- Install configuration: ""
-- Installing: /home/ahmet/ros2_ws/install/articubot_one/share/articubot_one/config
-- Installing: /home/ahmet/ros2_ws/install/articubot_one/share/articubot_one/config/drive_bot.rviz
-- Installing: /home/ahmet/ros2_ws/install/articubot_one/share/articubot_one/config/empty.yaml
-- Installing: /home/ahmet/ros2_ws/install/articubot_one/share/articubot_one/config/twist_mux.yaml
-- Installing: /home/ahmet/ros2_ws/install/articubot_one/share/articubot_one/config/gaz_ros2_ctl_use_sim.yaml
-- Installing: /home/ahmet/ros2_ws/install/articubot_one/share/articubot_one/config/gazebo_params.yaml
-- Installing: /home/ahmet/ros2_ws/install/articubot_one/share/articubot_one/config/joystick.yaml
-- Installing: /home/ahmet/ros2_ws/install/articubot_one/share/articubot_one/config/ball_tracker_params_robot.yaml
-- Installing: /home/ahmet/ros2_ws/install/articubot_one/share/articubot_one/config/view_bot.rviz
-- Installing: /home/ahmet/ros2_ws/install/articubot_one/share/articubot_one/config/nav2_params.yaml
-- Installing: /home/ahmet/ros2_ws/install/articubot_one/share/articubot_one/config/map.rviz
-- Installing: /home/ahmet/ros2_ws/install/articubot_one/share/articubot_one/config/ball_tracker_params_sim.yaml
-- Installing: /home/ahmet/ros2_ws/install/articubot_one/share/articubot_one/config/main.rviz
-- Installing: /home/ahmet/ros2_ws/install/articubot_one/share/articubot_one/config/mapper_params_online_async.yaml
-- Installing: /home/ahmet/ros2_ws/install/articubot_one/share/articubot_one/config/my_controllers.yaml
-- Installing: /home/ahmet/ros2_ws/install/articubot_one/share/articubot_one/description
-- Installing: /home/ahmet/ros2_ws/install/articubot_one/share/articubot_one/description/depth_camera.xacro
-- Installing: /home/ahmet/ros2_ws/install/articubot_one/share/articubot_one/description/robot.urdf.xacro
-- Installing: /home/ahmet/ros2_ws/install/articubot_one/share/articubot_one/description/gazebo_control.xacro
-- Installing: /home/ahmet/ros2_ws/install/articubot_one/share/articubot_one/description/lidar.xacro
-- Installing: /home/ahmet/ros2_ws/install/articubot_one/share/articubot_one/description/face.xacro
-- Installing: /home/ahmet/ros2_ws/install/articubot_one/share/articubot_one/description/camera.xacro
-- Installing: /home/ahmet/ros2_ws/install/articubot_one/share/articubot_one/description/inertial_macros.xacro
-- Installing: /home/ahmet/ros2_ws/install/articubot_one/share/articubot_one/description/robot_core.xacro
-- Installing: /home/ahmet/ros2_ws/install/articubot_one/share/articubot_one/description/ros2_control.xacro
-- Installing: /home/ahmet/ros2_ws/install/articubot_one/share/articubot_one/launch
-- Installing: /home/ahmet/ros2_ws/install/articubot_one/share/articubot_one/launch/navigation_launch.py
-- Installing: /home/ahmet/ros2_ws/install/articubot_one/share/articubot_one/launch/joystick.launch.py
-- Installing: /home/ahmet/ros2_ws/install/articubot_one/share/articubot_one/launch/online_async_launch.py
-- Installing: /home/ahmet/ros2_ws/install/articubot_one/share/articubot_one/launch/camera.launch.py
-- Installing: /home/ahmet/ros2_ws/install/articubot_one/share/articubot_one/launch/ball_tracker.launch.py
-- Installing: /home/ahmet/ros2_ws/install/articubot_one/share/articubot_one/launch/rplidar.launch.py
-- Installing: /home/ahmet/ros2_ws/install/articubot_one/share/articubot_one/launch/fire_tracking.launch.py
-- Installing: /home/ahmet/ros2_ws/install/articubot_one/share/articubot_one/launch/launch_sim.launch.py
-- Installing: /home/ahmet/ros2_ws/install/articubot_one/share/articubot_one/launch/localization_launch.py
-- Installing: /home/ahmet/ros2_ws/install/articubot_one/share/articubot_one/launch/launch_robot.launch.py
-- Installing: /home/ahmet/ros2_ws/install/articubot_one/share/articubot_one/launch/rsp.launch.py
-- Installing: /home/ahmet/ros2_ws/install/articubot_one/share/articubot_one/worlds
-- Installing: /home/ahmet/ros2_ws/install/articubot_one/share/articubot_one/worlds/fire_world.sdf
-- Installing: /home/ahmet/ros2_ws/install/articubot_one/share/articubot_one/worlds/empty.world
-- Installing: /home/ahmet/ros2_ws/install/articubot_one/share/articubot_one/worlds/obstacles.world
-- Installing: /home/ahmet/ros2_ws/install/articubot_one/lib/articubot_one/detect_fire.py
-- Installing: /home/ahmet/ros2_ws/install/articubot_one/lib/articubot_one/follow_fire.py
-- Installing: /home/ahmet/ros2_ws/install/articubot_one/share/articubot_one/environment/pythonpath.sh
-- Installing: /home/ahmet/ros2_ws/install/articubot_one/share/articubot_one/environment/pythonpath.dsv
-- Installing: /home/ahmet/ros2_ws/install/articubot_one/local/lib/python3.10/dist-packages/articubot_one-0.0.0-py3.10.egg-info
-- Installing: /home/ahmet/ros2_ws/install/articubot_one/local/lib/python3.10/dist-packages/articubot_one-0.0.0-py3.10.egg-info/dependency_links.txt
-- Installing: /home/ahmet/ros2_ws/install/articubot_one/local/lib/python3.10/dist-packages/articubot_one-0.0.0-py3.10.egg-info/PKG-INFO
-- Installing: /home/ahmet/ros2_ws/install/articubot_one/local/lib/python3.10/dist-packages/articubot_one-0.0.0-py3.10.egg-info/top_level.txt
-- Installing: /home/ahmet/ros2_ws/install/articubot_one/local/lib/python3.10/dist-packages/articubot_one-0.0.0-py3.10.egg-info/SOURCES.txt
-- Installing: /home/ahmet/ros2_ws/install/articubot_one/local/lib/python3.10/dist-packages/articubot_one
-- Installing: /home/ahmet/ros2_ws/install/articubot_one/local/lib/python3.10/dist-packages/articubot_one/__init__.py
Listing '/home/ahmet/ros2_ws/install/articubot_one/local/lib/python3.10/dist-packages/articubot_one'...
Compiling '/home/ahmet/ros2_ws/install/articubot_one/local/lib/python3.10/dist-packages/articubot_one/__init__.py'...
-- Installing: /home/ahmet/ros2_ws/install/articubot_one/share/ament_index/resource_index/package_run_dependencies/articubot_one
-- Installing: /home/ahmet/ros2_ws/install/articubot_one/share/ament_index/resource_index/parent_prefix_path/articubot_one
-- Installing: /home/ahmet/ros2_ws/install/articubot_one/share/articubot_one/environment/ament_prefix_path.sh
-- Installing: /home/ahmet/ros2_ws/install/articubot_one/share/articubot_one/environment/ament_prefix_path.dsv
-- Installing: /home/ahmet/ros2_ws/install/articubot_one/share/articubot_one/environment/path.sh
-- Installing: /home/ahmet/ros2_ws/install/articubot_one/share/articubot_one/environment/path.dsv
-- Installing: /home/ahmet/ros2_ws/install/articubot_one/share/articubot_one/local_setup.bash
-- Installing: /home/ahmet/ros2_ws/install/articubot_one/share/articubot_one/local_setup.sh
-- Installing: /home/ahmet/ros2_ws/install/articubot_one/share/articubot_one/local_setup.zsh
-- Installing: /home/ahmet/ros2_ws/install/articubot_one/share/articubot_one/local_setup.dsv
-- Installing: /home/ahmet/ros2_ws/install/articubot_one/share/articubot_one/package.dsv
-- Installing: /home/ahmet/ros2_ws/install/articubot_one/share/ament_index/resource_index/packages/articubot_one
-- Installing: /home/ahmet/ros2_ws/install/articubot_one/share/articubot_one/cmake/articubot_oneConfig.cmake
-- Installing: /home/ahmet/ros2_ws/install/articubot_one/share/articubot_one/cmake/articubot_oneConfig-version.cmake
-- Installing: /home/ahmet/ros2_ws/install/articubot_one/share/articubot_one/package.xml
