[0.012s] Invoking command in '/home/ahmet/ros2_ws/build/articubot_one': CMAKE_PREFIX_PATH=/opt/ros/humble /usr/bin/cmake /home/ahmet/ros2_ws/src/articubot_one -DCMAKE_INSTALL_PREFIX=/home/ahmet/ros2_ws/install/articubot_one
[0.096s] -- The C compiler identification is GNU 11.4.0
[0.159s] -- The CXX compiler identification is GNU 11.4.0
[0.166s] -- Detecting C compiler ABI info
[0.236s] -- Detecting C compiler ABI info - done
[0.245s] -- Check for working C compiler: /usr/bin/cc - skipped
[0.246s] -- Detecting C compile features
[0.246s] -- Detecting C compile features - done
[0.249s] -- Detecting CXX compiler ABI info
[0.342s] -- Detecting CXX compiler ABI info - done
[0.351s] -- Check for working CXX compiler: /usr/bin/c++ - skipped
[0.351s] -- Detecting CXX compile features
[0.351s] -- Detecting CXX compile features - done
[0.354s] -- Found ament_cmake: 1.3.11 (/opt/ros/humble/share/ament_cmake/cmake)
[0.617s] -- Found Python3: /usr/bin/python3 (found version "3.10.12") found components: Interpreter 
[0.737s] -- Found rclpy: 3.3.16 (/opt/ros/humble/share/rclpy/cmake)
[0.867s] -- Found ament_lint_auto: 0.12.12 (/opt/ros/humble/share/ament_lint_auto/cmake)
[0.989s] -- Added test 'copyright' to check source files copyright and LICENSE
[0.992s] -- Added test 'flake8' to check Python code syntax and style conventions
[0.993s] -- Added test 'lint_cmake' to check CMake code style
[0.994s] -- Added test 'pep257' to check Python code against some of the docstring style conventions in PEP 257
[0.996s] -- Added test 'xmllint' to check XML markup files
[0.997s] -- Configuring done
[1.001s] -- Generating done
[1.003s] -- Build files have been written to: /home/ahmet/ros2_ws/build/articubot_one
[1.008s] Invoked command in '/home/ahmet/ros2_ws/build/articubot_one' returned '0': CMAKE_PREFIX_PATH=/opt/ros/humble /usr/bin/cmake /home/ahmet/ros2_ws/src/articubot_one -DCMAKE_INSTALL_PREFIX=/home/ahmet/ros2_ws/install/articubot_one
[1.013s] Invoking command in '/home/ahmet/ros2_ws/build/articubot_one': CMAKE_PREFIX_PATH=/opt/ros/humble /usr/bin/cmake --build /home/ahmet/ros2_ws/build/articubot_one -- -j12 -l12
[1.072s] Built target ament_cmake_python_copy_articubot_one
[1.346s] running egg_info
[1.347s] creating articubot_one.egg-info
[1.347s] writing articubot_one.egg-info/PKG-INFO
[1.347s] writing dependency_links to articubot_one.egg-info/dependency_links.txt
[1.348s] writing top-level names to articubot_one.egg-info/top_level.txt
[1.348s] writing manifest file 'articubot_one.egg-info/SOURCES.txt'
[1.350s] reading manifest file 'articubot_one.egg-info/SOURCES.txt'
[1.350s] writing manifest file 'articubot_one.egg-info/SOURCES.txt'
[1.382s] Built target ament_cmake_python_build_articubot_one_egg
[1.399s] Invoked command in '/home/ahmet/ros2_ws/build/articubot_one' returned '0': CMAKE_PREFIX_PATH=/opt/ros/humble /usr/bin/cmake --build /home/ahmet/ros2_ws/build/articubot_one -- -j12 -l12
[1.417s] Invoking command in '/home/ahmet/ros2_ws/build/articubot_one': CMAKE_PREFIX_PATH=/opt/ros/humble /usr/bin/cmake --install /home/ahmet/ros2_ws/build/articubot_one
[1.426s] -- Install configuration: ""
[1.426s] -- Installing: /home/ahmet/ros2_ws/install/articubot_one/share/articubot_one/config
[1.426s] -- Installing: /home/ahmet/ros2_ws/install/articubot_one/share/articubot_one/config/drive_bot.rviz
[1.426s] -- Installing: /home/ahmet/ros2_ws/install/articubot_one/share/articubot_one/config/empty.yaml
[1.426s] -- Installing: /home/ahmet/ros2_ws/install/articubot_one/share/articubot_one/config/twist_mux.yaml
[1.426s] -- Installing: /home/ahmet/ros2_ws/install/articubot_one/share/articubot_one/config/gaz_ros2_ctl_use_sim.yaml
[1.427s] -- Installing: /home/ahmet/ros2_ws/install/articubot_one/share/articubot_one/config/gazebo_params.yaml
[1.427s] -- Installing: /home/ahmet/ros2_ws/install/articubot_one/share/articubot_one/config/joystick.yaml
[1.427s] -- Installing: /home/ahmet/ros2_ws/install/articubot_one/share/articubot_one/config/ball_tracker_params_robot.yaml
[1.427s] -- Installing: /home/ahmet/ros2_ws/install/articubot_one/share/articubot_one/config/view_bot.rviz
[1.427s] -- Installing: /home/ahmet/ros2_ws/install/articubot_one/share/articubot_one/config/nav2_params.yaml
[1.427s] -- Installing: /home/ahmet/ros2_ws/install/articubot_one/share/articubot_one/config/map.rviz
[1.427s] -- Installing: /home/ahmet/ros2_ws/install/articubot_one/share/articubot_one/config/ball_tracker_params_sim.yaml
[1.427s] -- Installing: /home/ahmet/ros2_ws/install/articubot_one/share/articubot_one/config/main.rviz
[1.427s] -- Installing: /home/ahmet/ros2_ws/install/articubot_one/share/articubot_one/config/mapper_params_online_async.yaml
[1.428s] -- Installing: /home/ahmet/ros2_ws/install/articubot_one/share/articubot_one/config/my_controllers.yaml
[1.428s] -- Installing: /home/ahmet/ros2_ws/install/articubot_one/share/articubot_one/description
[1.428s] -- Installing: /home/ahmet/ros2_ws/install/articubot_one/share/articubot_one/description/depth_camera.xacro
[1.428s] -- Installing: /home/ahmet/ros2_ws/install/articubot_one/share/articubot_one/description/robot.urdf.xacro
[1.428s] -- Installing: /home/ahmet/ros2_ws/install/articubot_one/share/articubot_one/description/gazebo_control.xacro
[1.428s] -- Installing: /home/ahmet/ros2_ws/install/articubot_one/share/articubot_one/description/lidar.xacro
[1.428s] -- Installing: /home/ahmet/ros2_ws/install/articubot_one/share/articubot_one/description/face.xacro
[1.428s] -- Installing: /home/ahmet/ros2_ws/install/articubot_one/share/articubot_one/description/camera.xacro
[1.429s] -- Installing: /home/ahmet/ros2_ws/install/articubot_one/share/articubot_one/description/inertial_macros.xacro
[1.429s] -- Installing: /home/ahmet/ros2_ws/install/articubot_one/share/articubot_one/description/robot_core.xacro
[1.429s] -- Installing: /home/ahmet/ros2_ws/install/articubot_one/share/articubot_one/description/ros2_control.xacro
[1.429s] -- Installing: /home/ahmet/ros2_ws/install/articubot_one/share/articubot_one/launch
[1.429s] -- Installing: /home/ahmet/ros2_ws/install/articubot_one/share/articubot_one/launch/navigation_launch.py
[1.429s] -- Installing: /home/ahmet/ros2_ws/install/articubot_one/share/articubot_one/launch/joystick.launch.py
[1.430s] -- Installing: /home/ahmet/ros2_ws/install/articubot_one/share/articubot_one/launch/online_async_launch.py
[1.430s] -- Installing: /home/ahmet/ros2_ws/install/articubot_one/share/articubot_one/launch/camera.launch.py
[1.430s] -- Installing: /home/ahmet/ros2_ws/install/articubot_one/share/articubot_one/launch/ball_tracker.launch.py
[1.430s] -- Installing: /home/ahmet/ros2_ws/install/articubot_one/share/articubot_one/launch/rplidar.launch.py
[1.430s] -- Installing: /home/ahmet/ros2_ws/install/articubot_one/share/articubot_one/launch/fire_tracking.launch.py
[1.430s] -- Installing: /home/ahmet/ros2_ws/install/articubot_one/share/articubot_one/launch/launch_sim.launch.py
[1.430s] -- Installing: /home/ahmet/ros2_ws/install/articubot_one/share/articubot_one/launch/localization_launch.py
[1.430s] -- Installing: /home/ahmet/ros2_ws/install/articubot_one/share/articubot_one/launch/launch_robot.launch.py
[1.430s] -- Installing: /home/ahmet/ros2_ws/install/articubot_one/share/articubot_one/launch/rsp.launch.py
[1.431s] -- Installing: /home/ahmet/ros2_ws/install/articubot_one/share/articubot_one/worlds
[1.431s] -- Installing: /home/ahmet/ros2_ws/install/articubot_one/share/articubot_one/worlds/fire_world.sdf
[1.431s] -- Installing: /home/ahmet/ros2_ws/install/articubot_one/share/articubot_one/worlds/empty.world
[1.431s] -- Installing: /home/ahmet/ros2_ws/install/articubot_one/share/articubot_one/worlds/obstacles.world
[1.431s] -- Installing: /home/ahmet/ros2_ws/install/articubot_one/lib/articubot_one/detect_fire.py
[1.431s] -- Installing: /home/ahmet/ros2_ws/install/articubot_one/lib/articubot_one/follow_fire.py
[1.431s] -- Installing: /home/ahmet/ros2_ws/install/articubot_one/share/articubot_one/environment/pythonpath.sh
[1.432s] -- Installing: /home/ahmet/ros2_ws/install/articubot_one/share/articubot_one/environment/pythonpath.dsv
[1.432s] -- Installing: /home/ahmet/ros2_ws/install/articubot_one/local/lib/python3.10/dist-packages/articubot_one-0.0.0-py3.10.egg-info
[1.432s] -- Installing: /home/ahmet/ros2_ws/install/articubot_one/local/lib/python3.10/dist-packages/articubot_one-0.0.0-py3.10.egg-info/dependency_links.txt
[1.432s] -- Installing: /home/ahmet/ros2_ws/install/articubot_one/local/lib/python3.10/dist-packages/articubot_one-0.0.0-py3.10.egg-info/PKG-INFO
[1.432s] -- Installing: /home/ahmet/ros2_ws/install/articubot_one/local/lib/python3.10/dist-packages/articubot_one-0.0.0-py3.10.egg-info/top_level.txt
[1.432s] -- Installing: /home/ahmet/ros2_ws/install/articubot_one/local/lib/python3.10/dist-packages/articubot_one-0.0.0-py3.10.egg-info/SOURCES.txt
[1.432s] -- Installing: /home/ahmet/ros2_ws/install/articubot_one/local/lib/python3.10/dist-packages/articubot_one
[1.433s] -- Installing: /home/ahmet/ros2_ws/install/articubot_one/local/lib/python3.10/dist-packages/articubot_one/__init__.py
[1.463s] Listing '/home/ahmet/ros2_ws/install/articubot_one/local/lib/python3.10/dist-packages/articubot_one'...
[1.464s] Compiling '/home/ahmet/ros2_ws/install/articubot_one/local/lib/python3.10/dist-packages/articubot_one/__init__.py'...
[1.468s] -- Installing: /home/ahmet/ros2_ws/install/articubot_one/share/ament_index/resource_index/package_run_dependencies/articubot_one
[1.469s] -- Installing: /home/ahmet/ros2_ws/install/articubot_one/share/ament_index/resource_index/parent_prefix_path/articubot_one
[1.469s] -- Installing: /home/ahmet/ros2_ws/install/articubot_one/share/articubot_one/environment/ament_prefix_path.sh
[1.469s] -- Installing: /home/ahmet/ros2_ws/install/articubot_one/share/articubot_one/environment/ament_prefix_path.dsv
[1.470s] -- Installing: /home/ahmet/ros2_ws/install/articubot_one/share/articubot_one/environment/path.sh
[1.470s] -- Installing: /home/ahmet/ros2_ws/install/articubot_one/share/articubot_one/environment/path.dsv
[1.470s] -- Installing: /home/ahmet/ros2_ws/install/articubot_one/share/articubot_one/local_setup.bash
[1.471s] -- Installing: /home/ahmet/ros2_ws/install/articubot_one/share/articubot_one/local_setup.sh
[1.471s] -- Installing: /home/ahmet/ros2_ws/install/articubot_one/share/articubot_one/local_setup.zsh
[1.471s] -- Installing: /home/ahmet/ros2_ws/install/articubot_one/share/articubot_one/local_setup.dsv
[1.471s] -- Installing: /home/ahmet/ros2_ws/install/articubot_one/share/articubot_one/package.dsv
[1.472s] -- Installing: /home/ahmet/ros2_ws/install/articubot_one/share/ament_index/resource_index/packages/articubot_one
[1.472s] -- Installing: /home/ahmet/ros2_ws/install/articubot_one/share/articubot_one/cmake/articubot_oneConfig.cmake
[1.473s] -- Installing: /home/ahmet/ros2_ws/install/articubot_one/share/articubot_one/cmake/articubot_oneConfig-version.cmake
[1.473s] -- Installing: /home/ahmet/ros2_ws/install/articubot_one/share/articubot_one/package.xml
[1.477s] Invoked command in '/home/ahmet/ros2_ws/build/articubot_one' returned '0': CMAKE_PREFIX_PATH=/opt/ros/humble /usr/bin/cmake --install /home/ahmet/ros2_ws/build/articubot_one
